[debug] ----------------------------------------------------------------------
[debug] Command:      /usr/local/bin/node /usr/local/bin/firebase deploy
[debug] CLI Version:  3.0.2
[debug] Platform:     darwin
[debug] Node Version: v6.1.0
[debug] Time:         Tue Jun 21 2016 12:04:50 GMT-0600 (MDT)
[debug] ----------------------------------------------------------------------
[debug] 
[debug] > command requires scopes: ["email","openid","https://www.googleapis.com/auth/cloudplatformprojects.readonly","https://www.googleapis.com/auth/firebase"]
[debug] >>> HTTP REQUEST GET https://admin.firebase.com/v1/projects/summitspec-cde87 
[debug] <<< HTTP RESPONSE 200
[debug] >>> HTTP REQUEST GET https://admin.firebase.com/v1/database/summitspec-cde87/tokens 
[debug] <<< HTTP RESPONSE 200
[info] 
[info] === Deploying to 'summitspec-cde87'...
[info] 
[info] i  deploying database, hosting
[info] i  hosting: preparing public directory for upload...
[debug] >>> HTTP REQUEST PUT https://deploy.firebase.com/v1/hosting/summitspec-cde87/uploads/-KKo7iPib3i6r-g9j-Dn?fileCount=8&message= 
[debug] <<< HTTP RESPONSE 500
[debug] <<< HTTP RESPONSE BODY undefined
[debug] ----------------------------------------------------------------------
[debug] Command:      /usr/local/bin/node /usr/local/bin/firebase deploy
[debug] CLI Version:  3.0.2
[debug] Platform:     darwin
[debug] Node Version: v6.1.0
[debug] Time:         Tue Jun 21 2016 12:05:07 GMT-0600 (MDT)
[debug] ----------------------------------------------------------------------
[debug] 
[debug] > command requires scopes: ["email","openid","https://www.googleapis.com/auth/cloudplatformprojects.readonly","https://www.googleapis.com/auth/firebase"]
[debug] >>> HTTP REQUEST GET https://admin.firebase.com/v1/projects/summitspec-cde87 
[debug] <<< HTTP RESPONSE 200
[debug] >>> HTTP REQUEST GET https://admin.firebase.com/v1/database/summitspec-cde87/tokens 
[debug] <<< HTTP RESPONSE 200
[info] 
[info] === Deploying to 'summitspec-cde87'...
[info] 
[info] i  deploying database, hosting
[info] i  hosting: preparing public directory for upload...
[debug] >>> HTTP REQUEST PUT https://deploy.firebase.com/v1/hosting/summitspec-cde87/uploads/-KKo7mQN_GqOyYJ-GU-K?fileCount=8&message= 
[debug] <<< HTTP RESPONSE 200
[info] ✔  hosting: 8 files uploaded successfully
[info] i  starting release process (may take several minutes)...
[debug] >>> HTTP REQUEST POST https://deploy.firebase.com/v1/projects/summitspec-cde87/releases
